<?xml version="1.0" encoding="UTF-8"?>
<!-- Generated by org.testng.reporters.JUnitXMLReporter -->
<testsuite ignored="0" hostname="DESKTOP-JRMPKAK" failures="0" tests="4" name="Default test" time="0.063" errors="0" timestamp="2021-09-13T23:16:21 PDT">
  <testcase classname="com.selenium.tests.ActionsEx" name="m1" time="0.009"/>
  <testcase classname="com.selenium.tests.ActionsEx" name="mnks" time="0.001"/>
  <testcase classname="com.selenium.tests.ActionsEx" name="msk" time="0.002"/>
  <testcase classname="com.selenium.tests.ActionsEx" name="m2" time="0.001"/>
</testsuite> <!-- Default test -->
