<?xml version="1.0" encoding="UTF-8"?>
<!-- Generated by org.testng.reporters.JUnitXMLReporter -->
<testsuite ignored="0" hostname="DESKTOP-JRMPKAK" failures="0" tests="4" name="Test" time="15.667" errors="0" timestamp="2021-09-13T23:19:36 PDT">
  <testcase classname="com.selenium.tests.ActionsEx" name="msk" time="15.143"/>
  <testcase classname="com.selenium.tests.ActionsEx" name="m1" time="15.217"/>
  <testcase classname="com.selenium.tests.ActionsEx" name="mnks" time="15.419"/>
  <testcase classname="com.selenium.tests.ActionsEx" name="m2" time="15.623"/>
</testsuite> <!-- Test -->
