<?xml version="1.0" encoding="UTF-8"?>
<testng-results ignored="0" total="4" passed="4" failed="0" skipped="0">
  <reporter-output>
  </reporter-output>
  <suite started-at="2021-09-13T23:19:21 PDT" name="Suite" finished-at="2021-09-13T23:19:36 PDT" duration-ms="15667">
    <groups>
    </groups>
    <test started-at="2021-09-13T23:19:21 PDT" name="Test" finished-at="2021-09-13T23:19:36 PDT" duration-ms="15667">
      <class name="com.selenium.tests.ActionsEx">
        <test-method signature="m1()[pri:0, instance:com.selenium.tests.ActionsEx@503d687a]" started-at="2021-09-13T23:19:21 PDT" name="m1" finished-at="2021-09-13T23:19:36 PDT" duration-ms="15217" status="PASS">
          <reporter-output>
          </reporter-output>
        </test-method> <!-- m1 -->
        <test-method signature="m2()[pri:1, instance:com.selenium.tests.ActionsEx@503d687a]" started-at="2021-09-13T23:19:21 PDT" name="m2" finished-at="2021-09-13T23:19:36 PDT" duration-ms="15623" status="PASS">
          <reporter-output>
          </reporter-output>
        </test-method> <!-- m2 -->
        <test-method signature="mnks()[pri:0, instance:com.selenium.tests.ActionsEx@503d687a]" started-at="2021-09-13T23:19:21 PDT" name="mnks" finished-at="2021-09-13T23:19:36 PDT" duration-ms="15419" status="PASS">
          <reporter-output>
          </reporter-output>
        </test-method> <!-- mnks -->
        <test-method signature="msk()[pri:0, instance:com.selenium.tests.ActionsEx@503d687a]" started-at="2021-09-13T23:19:21 PDT" name="msk" finished-at="2021-09-13T23:19:36 PDT" duration-ms="15143" status="PASS">
          <reporter-output>
          </reporter-output>
        </test-method> <!-- msk -->
      </class> <!-- com.selenium.tests.ActionsEx -->
    </test> <!-- Test -->
  </suite> <!-- Suite -->
</testng-results>
